<?xml version="1.0" encoding="UTF-8"?>
<!-- Generated by org.testng.reporters.JUnitReportReporter -->
<testsuite hostname="MEDPC" failures="0" tests="2" name="runners.LoginTest" time="2.949" errors="0" timestamp="2026-05-25T12:41:18 EDT" skipped="1">
  <testcase classname="runners.LoginTest" name="invalidLoginTest" time="2.949"/>
  <testcase classname="runners.LoginTest" name="successfulLoginTest">
    <skipped/>
  </testcase> <!-- successfulLoginTest -->
</testsuite> <!-- runners.LoginTest -->
